0 verbose cli C:\Program Files\nodejs\node.exe C:\Program Files\nodejs\node_modules\npm\bin\npm-cli.js
0 verbose cli C:\Program Files\nodejs\node.exe C:\Program Files\nodejs\node_modules\npm\bin\npm-cli.js
1 info using npm@11.11.0
2 info using node@v24.14.1
3 silly config load:file:C:\Program Files\nodejs\node_modules\npm\npmrc
1 info using npm@11.11.0
4 silly config load:file:C:\Users\HP\Documents\GitHub\VirtualInterview\.npmrc
5 silly config load:file:C:\Users\HP\.npmrc
2 info using node@v24.14.1
6 silly config load:file:C:\Users\HP\AppData\Roaming\npm\etc\npmrc
3 silly config load:file:C:\Program Files\nodejs\node_modules\npm\npmrc
4 silly config load:file:C:\Users\HP\Documents\GitHub\VirtualInterview\.npmrc
5 silly config load:file:C:\Users\HP\.npmrc
7 verbose title npm view pdf-parse description
6 silly config load:file:C:\Users\HP\AppData\Roaming\npm\etc\npmrc
8 verbose argv "view" "pdf-parse" "description" "--cache" ".npm-cache"
7 verbose title npm view pdf-parse readme
9 verbose logfile logs-max:10 dir:C:\Users\HP\Documents\GitHub\VirtualInterview\.npm-cache\_logs\2026-04-14T10_41_35_765Z-
8 verbose argv "view" "pdf-parse" "readme" "--cache" ".npm-cache"
10 verbose logfile C:\Users\HP\Documents\GitHub\VirtualInterview\.npm-cache\_logs\2026-04-14T10_41_35_765Z-debug-0.log
9 verbose logfile logs-max:10 dir:C:\Users\HP\Documents\GitHub\VirtualInterview\.npm-cache\_logs\2026-04-14T10_41_35_765Z-
10 verbose logfile C:\Users\HP\Documents\GitHub\VirtualInterview\.npm-cache\_logs\2026-04-14T10_41_35_765Z-debug-0.log
11 silly logfile done cleaning log files
11 silly logfile done cleaning log files
12 http fetch GET 200 https://registry.npmjs.org/pdf-parse 263ms (cache revalidated)
12 http fetch GET 200 https://registry.npmjs.org/pdf-parse 263ms (cache revalidated)
13 verbose cwd C:\Users\HP\Documents\GitHub\VirtualInterview
14 verbose os Windows_NT 10.0.19045
15 verbose node v24.14.1
16 verbose npm  v11.11.0
17 verbose exit 0
18 info ok
13 verbose cwd C:\Users\HP\Documents\GitHub\VirtualInterview
14 verbose os Windows_NT 10.0.19045
15 verbose node v24.14.1
16 verbose npm  v11.11.0
17 verbose exit 0
18 info ok
